<?xml version="1.0" encoding="UTF-8"?>
<testsuite xmlns:xsi="http://www.w3.org/2001/XMLSchema-instance" xsi:noNamespaceSchemaLocation="https://maven.apache.org/surefire/maven-surefire-plugin/xsd/surefire-test-report.xsd" version="3.0.2" name="com.distributed_microservice.eureka_server.EurekaServerApplicationTests" time="4.75" tests="1" errors="0" skipped="0" failures="0" flakes="0">
  <properties>
[...]
</properties>
  <testcase name="contextLoads" classname="com.distributed_microservice.eureka_server.EurekaServerApplicationTests" time="1.024">
    <system-out><![CDATA[10:50:39.122 [main] INFO org.springframework.test.context.support.AnnotationConfigContextLoaderUtils -- Could not detect default configuration classes for test class [com.distributed_microservice.eureka_server.EurekaServerApplicationTests]: EurekaServerApplicationTests does not declare any static, non-private, non-final, nested classes annotated with @Configuration.
10:50:39.202 [main] INFO org.springframework.boot.test.context.SpringBootTestContextBootstrapper -- Found @SpringBootConfiguration com.distributed_microservice.eureka_server.EurekaServerApplication for test class com.distributed_microservice.eureka_server.EurekaServerApplicationTests
10:50:39.270 [main] INFO org.springframework.test.context.support.AnnotationConfigContextLoaderUtils -- Could not detect default configuration classes for test class [com.distributed_microservice.eureka_server.EurekaServerApplicationTests]: EurekaServerApplicationTests does not declare any static, non-private, non-final, nested classes annotated with @Configuration.
10:50:39.271 [main] INFO org.springframework.boot.test.context.SpringBootTestContextBootstrapper -- Found @SpringBootConfiguration com.distributed_microservice.eureka_server.EurekaServerApplication for test class com.distributed_microservice.eureka_server.EurekaServerApplicationTests

  .   ____          _            __ _ _
 /\\ / ___'_ __ _ _(_)_ __  __ _ \ \ \ \
( ( )\___ | '_ | '_| | '_ \/ _` | \ \ \ \
 \\/  ___)| |_)| | | | | || (_| |  ) ) ) )
  '  |____| .__|_| |_|_| |_\__, | / / / /
 =========|_|==============|___/=/_/_/_/

 :: Spring Boot ::                (v4.1.0)

2026-08-13T10:50:39.744+06:00  INFO 2580 --- [eureka-server] [           main] c.d.e.EurekaServerApplicationTests       : Starting EurekaServerApplicationTests using Java 17.0.10 with PID 2580 (started by shahriar.ahsan in D:\Distributed-Microservices\eureka-server)
2026-08-13T10:50:39.745+06:00  INFO 2580 --- [eureka-server] [           main] c.d.e.EurekaServerApplicationTests       : No active profile set, falling back to 1 default profile: "default"
2026-08-13T10:50:40.608+06:00  INFO 2580 --- [eureka-server] [           main] o.s.cloud.context.scope.GenericScope     : BeanFactory id=e0e8e62a-55c1-33b0-92b0-4c24e441923a
2026-08-13T10:50:40.953+06:00  INFO 2580 --- [eureka-server] [           main] o.s.v.b.OptionalValidatorFactoryBean     : Failed to set up a Bean Validation provider: jakarta.validation.NoProviderFoundException: Unable to create a Configuration, because no Jakarta Validation provider could be found. Add a provider like Hibernate Validator (RI) to your classpath.
2026-08-13T10:50:41.827+06:00  WARN 2580 --- [eureka-server] [           main] iguration$LoadBalancerCaffeineWarnLogger : Spring Cloud LoadBalancer is currently working with the default cache. While this cache implementation is useful for development and tests, it's recommended to use Caffeine cache in production.You can switch to using Caffeine cache, by adding it and org.springframework.cache.caffeine.CaffeineCacheManager to the classpath.
2026-08-13T10:50:42.007+06:00  INFO 2580 --- [eureka-server] [           main] o.s.c.n.eureka.InstanceInfoFactory       : Setting initial instance status as: STARTING
2026-08-13T10:50:42.025+06:00  INFO 2580 --- [eureka-server] [           main] com.netflix.discovery.DiscoveryClient    : Initializing Eureka in region us-east-1
2026-08-13T10:50:42.025+06:00  INFO 2580 --- [eureka-server] [           main] com.netflix.discovery.DiscoveryClient    : Client configured to neither register nor query for data.
2026-08-13T10:50:42.026+06:00  INFO 2580 --- [eureka-server] [           main] com.netflix.discovery.DiscoveryClient    : Discovery Client initialized at timestamp 1786596642026 with initial instances count: 0
2026-08-13T10:50:42.060+06:00  INFO 2580 --- [eureka-server] [           main] c.n.eureka.DefaultEurekaServerContext    : Initializing ...
2026-08-13T10:50:42.062+06:00  INFO 2580 --- [eureka-server] [           main] c.n.eureka.cluster.PeerEurekaNodes       : Adding new peer nodes [http://localhost:8761/eureka/]
2026-08-13T10:50:42.264+06:00  INFO 2580 --- [eureka-server] [           main] c.n.d.provider.DiscoveryJerseyProvider   : Using JSON encoding codec LegacyJacksonJson
2026-08-13T10:50:42.265+06:00  INFO 2580 --- [eureka-server] [           main] c.n.d.provider.DiscoveryJerseyProvider   : Using JSON decoding codec LegacyJacksonJson
2026-08-13T10:50:42.265+06:00  INFO 2580 --- [eureka-server] [           main] c.n.d.provider.DiscoveryJerseyProvider   : Using XML encoding codec XStreamXml
2026-08-13T10:50:42.265+06:00  INFO 2580 --- [eureka-server] [           main] c.n.d.provider.DiscoveryJerseyProvider   : Using XML decoding codec XStreamXml
2026-08-13T10:50:42.344+06:00  INFO 2580 --- [eureka-server] [           main] c.n.eureka.cluster.PeerEurekaNodes       : Replica node URL:  http://localhost:8761/eureka/
2026-08-13T10:50:42.357+06:00  INFO 2580 --- [eureka-server] [           main] c.n.e.registry.AbstractInstanceRegistry  : Finished initializing remote region registries. All known remote regions: []
2026-08-13T10:50:42.357+06:00  INFO 2580 --- [eureka-server] [           main] c.n.eureka.DefaultEurekaServerContext    : Initialized
2026-08-13T10:50:42.474+06:00  INFO 2580 --- [eureka-server] [           main] o.s.b.a.e.web.EndpointLinksResolver      : Exposing 1 endpoint beneath base path '/actuator'
2026-08-13T10:50:42.528+06:00  INFO 2580 --- [eureka-server] [           main] o.s.c.n.e.s.EurekaServiceRegistry        : Registering application EUREKA-SERVER with eureka with status UP
2026-08-13T10:50:42.543+06:00  INFO 2580 --- [eureka-server] [      Thread-10] o.s.c.n.e.server.EurekaServerBootstrap   : isAws returned false
2026-08-13T10:50:42.544+06:00  INFO 2580 --- [eureka-server] [           main] c.d.e.EurekaServerApplicationTests       : Started EurekaServerApplicationTests in 3.113 seconds (process running for 4.183)
2026-08-13T10:50:42.544+06:00  INFO 2580 --- [eureka-server] [      Thread-10] o.s.c.n.e.server.EurekaServerBootstrap   : Initialized server context
2026-08-13T10:50:42.545+06:00  INFO 2580 --- [eureka-server] [      Thread-10] c.n.e.r.PeerAwareInstanceRegistryImpl    : Got 1 instances from neighboring DS node
2026-08-13T10:50:42.545+06:00  INFO 2580 --- [eureka-server] [      Thread-10] c.n.e.r.PeerAwareInstanceRegistryImpl    : Renew threshold is: 1
2026-08-13T10:50:42.545+06:00  INFO 2580 --- [eureka-server] [      Thread-10] c.n.e.r.PeerAwareInstanceRegistryImpl    : Changing status to UP
2026-08-13T10:50:42.553+06:00  INFO 2580 --- [eureka-server] [      Thread-10] e.s.EurekaServerInitializerConfiguration : Started Eureka Server
]]></system-out>
  </testcase>
</testsuite>